#
# An unexpected error has been detected by Java Runtime Environment:
#
#  EXCEPTION_ACCESS_VIOLATION (0xc0000005) at pc=0x79a82baf, pid=10116, tid=4760
#
# Java VM: Java HotSpot(TM) Client VM (10.0-b19 mixed mode windows-x86)
# Problematic frame:
# C  [mcr.dll+0x2baf]
#
# If you would like to submit a bug report, please visit:
#   http://java.sun.com/webapps/bugreport/crash.jsp
# The crash happened outside the Java Virtual Machine in native code.
# See problematic frame for where to report the bug.
#

---------------  T H R E A D  ---------------

Current thread (0x0979b000):  JavaThread "main" [_thread_in_native, id=4760, stack(0x00430000,0x00c30000)]

siginfo: ExceptionCode=0xc0000005, reading address 0x0000002c

Registers:
EAX=0x0000002c, EBX=0x00000001, ECX=0x0ba79928, EDX=0x00000000
ESP=0x00c2edb0, EBP=0x00c2edc4, ESI=0x0ba79928, EDI=0x00000000
EIP=0x79a82baf, EFLAGS=0x00010206

Top of Stack: (sp=0x00c2edb0)
0x00c2edb0:   00000000 0ba79928 00c2ede8 79ab0d91
0x00c2edc0:   ffffffff 00c2edf4 79aa998b 0000002c
0x00c2edd0:   7b3868de 00c2f328 00c2f088 00000001
0x00c2ede0:   00c2f258 0ba79928 00c2f34c 79ab33db
0x00c2edf0:   00000000 00c2ee08 79a81f6c 00000001
0x00c2ee00:   00000000 00000000 00c2f358 79aadaf9
0x00c2ee10:   04f6f510 00000001 7b3868de 00000000
0x00c2ee20:   00000000 fffffffe 00000000 773180ed 

Instructions: (pc=0x79a82baf)
0x79a82b9f:   00 50 64 89 25 00 00 00 00 51 8b 45 08 56 8b f1
0x79a82baf:   8b 08 89 0e 8b 50 04 89 56 04 8b 48 08 89 4e 08 


Stack: [0x00430000,0x00c30000],  sp=0x00c2edb0,  free space=8187k
Native frames: (J=compiled Java code, j=interpreted, Vv=VM code, C=native code)
C  [mcr.dll+0x2baf]
C  [mcr.dll+0x2998b]
C  [mcr.dll+0x1f6c]
C  [mcr.dll+0x2daf9]
C  [mcr.dll+0x2ddf7]
C  [m_dispatcher.dll+0x6dac]
C  [m_dispatcher.dll+0x6eb1]
C  [m_dispatcher.dll+0x3f6b]
C  [m_dispatcher.dll+0x6dac]
C  [m_dispatcher.dll+0x6eb1]
C  [m_interpreter.dll+0xa6fcd]
C  [m_interpreter.dll+0xa1da6]
C  [m_interpreter.dll+0x111f1]
C  0x787827b2
C  0x78782f32
C  0x787829ea
C  0x78786ebd
C  0x78786f83
v  ~BufferBlob::Interpreter
v  ~BufferBlob::Interpreter
v  ~BufferBlob::Interpreter
v  ~BufferBlob::Interpreter
v  ~BufferBlob::Interpreter
v  ~BufferBlob::Interpreter
v  ~BufferBlob::StubRoutines (1)

Java frames: (J=compiled Java code, j=interpreted, Vv=VM code)
v  ~BufferBlob::Interpreter
v  ~BufferBlob::Interpreter
v  ~BufferBlob::Interpreter
v  ~BufferBlob::Interpreter
v  ~BufferBlob::Interpreter
v  ~BufferBlob::Interpreter
v  ~BufferBlob::StubRoutines (1)

---------------  P R O C E S S  ---------------

Java Threads: ( => current thread )
  0x0dc80000 JavaThread "Thread-13" [_thread_blocked, id=2800, stack(0x0fec0000,0x0ff40000)]
  0x0dc7d800 JavaThread "Thread-12" [_thread_blocked, id=10972, stack(0x0fe00000,0x0fe80000)]
  0x0dc7dc00 JavaThread "Thread-11" [_thread_blocked, id=2380, stack(0x0fd30000,0x0fdb0000)]
  0x0e131c00 JavaThread "Thread-10" [_thread_blocked, id=11240, stack(0x0fb70000,0x0fbf0000)]
  0x0e131000 JavaThread "Thread-9" [_thread_blocked, id=7508, stack(0x0fab0000,0x0fb30000)]
  0x0e131800 JavaThread "Thread-8" [_thread_blocked, id=7116, stack(0x0ecf0000,0x0ed70000)]
  0x0e12fc00 JavaThread "Thread-7" [_thread_blocked, id=1272, stack(0x0ec30000,0x0ecb0000)]
  0x0e130c00 JavaThread "Thread-6" [_thread_blocked, id=10780, stack(0x0eb70000,0x0ebf0000)]
  0x0e130800 JavaThread "Thread-5" [_thread_blocked, id=9128, stack(0x0e9e0000,0x0ea60000)]
  0x0e12f000 JavaThread "Active Reference Queue Daemon" daemon [_thread_blocked, id=11028, stack(0x0fa00000,0x0fa80000)]
  0x0e12e800 JavaThread "Timer-2" daemon [_thread_blocked, id=9336, stack(0x0f940000,0x0f9c0000)]
  0x0e132400 JavaThread "Timer-1" daemon [_thread_blocked, id=1260, stack(0x0f860000,0x0f8e0000)]
  0x0e077800 JavaThread "TimerQueue" daemon [_thread_blocked, id=3960, stack(0x0f520000,0x0f5a0000)]
  0x0df90000 JavaThread "AWT-EventQueue-0" [_thread_blocked, id=8544, stack(0x0f450000,0x0f4d0000)]
  0x0df8fc00 JavaThread "AWT-Shutdown" [_thread_blocked, id=7592, stack(0x0f390000,0x0f410000)]
  0x0ded7800 JavaThread "Image Fetcher 0" daemon [_thread_blocked, id=11040, stack(0x0edf0000,0x0ee70000)]
  0x0df0c400 JavaThread "AWT-Windows" daemon [_thread_in_native, id=9332, stack(0x0e850000,0x0e8d0000)]
  0x0de4c400 JavaThread "Java2D Disposer" daemon [_thread_blocked, id=8536, stack(0x0e5d0000,0x0e650000)]
  0x08446400 JavaThread "Timer-0" [_thread_blocked, id=2976, stack(0x08650000,0x086d0000)]
  0x0840e400 JavaThread "JMI Unnamed Thread" [_thread_in_native, id=2528, stack(0x05ce0000,0x064e0000)]
  0x09849c00 JavaThread "Low Memory Detector" daemon [_thread_blocked, id=7792, stack(0x08340000,0x083c0000)]
  0x09840c00 JavaThread "CompilerThread0" daemon [_thread_blocked, id=7448, stack(0x0c8a0000,0x0d0a0000)]
  0x09838c00 JavaThread "Attach Listener" daemon [_thread_blocked, id=6916, stack(0x08240000,0x082c0000)]
  0x09822800 JavaThread "Finalizer" daemon [_thread_blocked, id=2804, stack(0x08180000,0x08200000)]
  0x09821400 JavaThread "Reference Handler" daemon [_thread_blocked, id=8484, stack(0x080c0000,0x08140000)]
=>0x0979b000 JavaThread "main" [_thread_in_native, id=4760, stack(0x00430000,0x00c30000)]

Other Threads:
  0x0981c800 VMThread [stack: 0x0c0a0000,0x0c8a0000] [id=9988]
  0x0985c000 WatcherThread [stack: 0x0d0a0000,0x0d8a0000] [id=10952]

VM state:not at safepoint (normal execution)

VM Mutex/Monitor currently owned by a thread: None

Heap
 def new generation   total 14784K, used 13576K [0x10010000, 0x11010000, 0x12010000)
  eden space 13184K,  90% used [0x10010000, 0x10bc2040, 0x10cf0000)
  from space 1600K, 100% used [0x10e80000, 0x11010000, 0x11010000)
  to   space 1600K,   0% used [0x10cf0000, 0x10cf0000, 0x10e80000)
 tenured generation   total 49152K, used 20977K [0x12010000, 0x15010000, 0x18010000)
   the space 49152K,  42% used [0x12010000, 0x1348c4b0, 0x1348c600, 0x15010000)
 compacting perm gen  total 32768K, used 22755K [0x18010000, 0x1a010000, 0x1c010000)
   the space 32768K,  69% used [0x18010000, 0x19648d40, 0x19648e00, 0x1a010000)
No shared spaces configured.

Dynamic libraries:
0x00400000 - 0x0042f000 	C:\Program Files (x86)\MATLAB\R2009a\bin\win32\matlab.exe
0x772d0000 - 0x77460000 	C:\WINDOWS\SYSTEM32\ntdll.dll
0x73de0000 - 0x73ec0000 	C:\WINDOWS\System32\KERNEL32.DLL
0x74230000 - 0x74414000 	C:\WINDOWS\System32\KERNELBASE.dll
0x6a050000 - 0x6a0ed000 	C:\WINDOWS\SYSTEM32\apphelp.dll
0x7b280000 - 0x7b34a000 	C:\Program Files (x86)\MATLAB\R2009a\bin\win32\libut.dll
0x73d20000 - 0x73d39000 	C:\WINDOWS\System32\imagehlp.dll
0x768d0000 - 0x769ee000 	C:\WINDOWS\System32\ucrtbase.dll
0x74420000 - 0x74426000 	C:\WINDOWS\System32\PSAPI.DLL
0x73f20000 - 0x740ad000 	C:\WINDOWS\System32\USER32.dll
0x76e90000 - 0x76ea7000 	C:\WINDOWS\System32\win32u.dll
0x740b0000 - 0x740d2000 	C:\WINDOWS\System32\GDI32.dll
0x769f0000 - 0x76b54000 	C:\WINDOWS\System32\gdi32full.dll
0x75dc0000 - 0x75e3d000 	C:\WINDOWS\System32\msvcp_win.dll
0x75ae0000 - 0x75b58000 	C:\WINDOWS\System32\ADVAPI32.dll
0x746d0000 - 0x7478f000 	C:\WINDOWS\System32\msvcrt.dll
0x73ec0000 - 0x73f04000 	C:\WINDOWS\System32\sechost.dll
0x76bc0000 - 0x76c80000 	C:\WINDOWS\System32\RPCRT4.dll
0x73b90000 - 0x73bb0000 	C:\WINDOWS\System32\SspiCli.dll
0x73b80000 - 0x73b8a000 	C:\WINDOWS\System32\CRYPTBASE.dll
0x76f40000 - 0x76f98000 	C:\WINDOWS\System32\bcryptPrimitives.dll
0x782e0000 - 0x78317000 	C:\Program Files (x86)\MATLAB\R2009a\bin\win32\libmwfl.dll
0x7b3b0000 - 0x7b59a000 	C:\Program Files (x86)\MATLAB\R2009a\bin\win32\libmwservices.dll
0x76fa0000 - 0x77076000 	C:\WINDOWS\System32\comdlg32.dll
0x75b60000 - 0x75dbc000 	C:\WINDOWS\System32\combase.dll
0x76830000 - 0x768b8000 	C:\WINDOWS\System32\shcore.dll
0x77120000 - 0x77165000 	C:\WINDOWS\System32\SHLWAPI.dll
0x74790000 - 0x75ada000 	C:\WINDOWS\System32\SHELL32.dll
0x73da0000 - 0x73dd9000 	C:\WINDOWS\System32\cfgmgr32.dll
0x76270000 - 0x76829000 	C:\WINDOWS\System32\windows.storage.dll
0x76b60000 - 0x76b6f000 	C:\WINDOWS\System32\kernel.appcore.dll
0x74500000 - 0x74518000 	C:\WINDOWS\System32\profapi.dll
0x76b70000 - 0x76bb5000 	C:\WINDOWS\System32\powrprof.dll
0x74460000 - 0x74468000 	C:\WINDOWS\System32\FLTLIB.DLL
0x77170000 - 0x771d7000 	C:\WINDOWS\System32\WS2_32.dll
0x79a80000 - 0x79ad3000 	C:\Program Files (x86)\MATLAB\R2009a\bin\win32\mcr.dll
0x76d90000 - 0x76e8c000 	C:\WINDOWS\System32\ole32.dll
0x6d110000 - 0x6d197000 	C:\WINDOWS\WinSxS\x86_microsoft.vc80.crt_1fc8b3b9a1e18e3b_8.0.50727.9445_none_d08c58b4442ba54f\MSVCP80.dll
0x69fb0000 - 0x6a04b000 	C:\WINDOWS\WinSxS\x86_microsoft.vc80.crt_1fc8b3b9a1e18e3b_8.0.50727.9445_none_d08c58b4442ba54f\MSVCR80.dll
0x7bba0000 - 0x7bbbf000 	C:\Program Files (x86)\MATLAB\R2009a\bin\win32\LIBEXPAT.dll
0x7b6b0000 - 0x7b791000 	C:\Program Files (x86)\MATLAB\R2009a\bin\win32\icuuc38.dll
0x7ada0000 - 0x7adac000 	C:\Program Files (x86)\MATLAB\R2009a\bin\win32\icuio38.dll
0x10000000 - 0x10010000 	C:\Program Files (x86)\MATLAB\R2009a\bin\win32\boost_signals-vc80-mt-1_36.dll
0x7b350000 - 0x7b3aa000 	C:\Program Files (x86)\MATLAB\R2009a\bin\win32\libmx.dll
0x7b5a0000 - 0x7b6af000 	C:\Program Files (x86)\MATLAB\R2009a\bin\win32\libmwmathutil.dll
0x79510000 - 0x79543000 	C:\Program Files (x86)\MATLAB\R2009a\bin\win32\mpath.dll
0x6fef0000 - 0x6ff1f000 	C:\Program Files (x86)\MATLAB\R2009a\bin\win32\mlutil.dll
0x6fbe0000 - 0x6fc6f000 	C:\WINDOWS\WinSxS\x86_microsoft.windows.common-controls_6595b64144ccf1df_5.82.17134.345_none_40ff7c964511edcf\COMCTL32.dll
0x6f0e0000 - 0x6f0f3000 	C:\WINDOWS\SYSTEM32\NETAPI32.dll
0x7adb0000 - 0x7adeb000 	C:\Program Files (x86)\MATLAB\R2009a\bin\win32\iqm.dll
0x78650000 - 0x7866b000 	C:\Program Files (x86)\MATLAB\R2009a\bin\win32\bridge.dll
0x7ae00000 - 0x7ae0c000 	C:\Program Files (x86)\MATLAB\R2009a\bin\win32\libmex.dll
0x78320000 - 0x78468000 	C:\Program Files (x86)\MATLAB\R2009a\bin\win32\mcos.dll
0x79960000 - 0x799b7000 	C:\Program Files (x86)\MATLAB\R2009a\bin\win32\m_dispatcher.dll
0x7b7a0000 - 0x7b89b000 	C:\Program Files (x86)\MATLAB\R2009a\bin\win32\libmwgui.dll
0x78800000 - 0x789f1000 	C:\Program Files (x86)\MATLAB\R2009a\bin\win32\hg.dll
0x77080000 - 0x77116000 	C:\WINDOWS\System32\OLEAUT32.dll
0x793e0000 - 0x7941e000 	C:\Program Files (x86)\MATLAB\R2009a\bin\win32\jmi.dll
0x79ae0000 - 0x79b55000 	C:\Program Files (x86)\MATLAB\R2009a\bin\win32\udd_mi.dll
0x7ab70000 - 0x7ad89000 	C:\Program Files (x86)\MATLAB\R2009a\bin\win32\uiw.dll
0x78740000 - 0x78753000 	C:\Program Files (x86)\MATLAB\R2009a\bin\win32\mwoles05.DLL
0x79820000 - 0x79864000 	C:\Program Files (x86)\MATLAB\R2009a\bin\win32\comcli.dll
0x7ae90000 - 0x7ae9b000 	C:\Program Files (x86)\MATLAB\R2009a\bin\win32\mlautoregister.dll
0x7a080000 - 0x7a558000 	C:\Program Files (x86)\MATLAB\R2009a\bin\win32\m_interpreter.dll
0x7ad90000 - 0x7ad94000 	C:\Program Files (x86)\MATLAB\R2009a\bin\win32\icudt38.dll
0x7afe0000 - 0x7b0c4000 	C:\Program Files (x86)\MATLAB\R2009a\bin\win32\icuin38.dll
0x7aae0000 - 0x7ab64000 	C:\Program Files (x86)\MATLAB\R2009a\bin\win32\udd.dll
0x78670000 - 0x7868c000 	C:\Program Files (x86)\MATLAB\R2009a\bin\win32\datasvcs.dll
0x787a0000 - 0x787b3000 	C:\Program Files (x86)\MATLAB\R2009a\bin\win32\zlib1.dll
0x78df0000 - 0x78fb2000 	C:\Program Files (x86)\MATLAB\R2009a\bin\win32\xerces-c_2_7.dll
0x78690000 - 0x786b2000 	C:\Program Files (x86)\MATLAB\R2009a\bin\win32\libmat.dll
0x790f0000 - 0x7911c000 	C:\Program Files (x86)\MATLAB\R2009a\bin\win32\libmwhardcopy.dll
0x79490000 - 0x794c7000 	C:\Program Files (x86)\MATLAB\R2009a\bin\win32\libuij.dll
0x69ea0000 - 0x69faf000 	C:\WINDOWS\WinSxS\x86_microsoft.vc80.mfc_1fc8b3b9a1e18e3b_8.0.50727.762_none_0c178a139ee2a7ed\MFC80.DLL
0x7aee0000 - 0x7aee9000 	C:\Program Files (x86)\MATLAB\R2009a\bin\win32\uinone.dll
0x71140000 - 0x711ad000 	C:\WINDOWS\SYSTEM32\WINSPOOL.DRV
0x6d9c0000 - 0x6d9db000 	C:\WINDOWS\WinSxS\x86_microsoft.vc80.atl_1fc8b3b9a1e18e3b_8.0.50727.762_none_11ecb0ab9b2caf3c\ATL80.DLL
0x79870000 - 0x798c7000 	C:\Program Files (x86)\MATLAB\R2009a\bin\win32\profiler.dll
0x7ae60000 - 0x7ae7e000 	C:\Program Files (x86)\MATLAB\R2009a\bin\win32\libmwmathrng.dll
0x78720000 - 0x78732000 	C:\Program Files (x86)\MATLAB\R2009a\bin\win32\m_pcodeio.dll
0x794d0000 - 0x79507000 	C:\Program Files (x86)\MATLAB\R2009a\bin\win32\m_ir.dll
0x79b60000 - 0x7a077000 	C:\Program Files (x86)\MATLAB\R2009a\bin\win32\m_parser.dll
0x78700000 - 0x78716000 	C:\Program Files (x86)\MATLAB\R2009a\bin\win32\m_pcodegen.dll
0x7b0d0000 - 0x7b275000 	C:\Program Files (x86)\MATLAB\R2009a\bin\win32\libhdf5.dll
0x70f60000 - 0x710e0000 	C:\WINDOWS\SYSTEM32\PROPSYS.dll
0x710e0000 - 0x71110000 	C:\WINDOWS\SYSTEM32\IPHLPAPI.DLL
0x70f40000 - 0x70f59000 	C:\WINDOWS\SYSTEM32\bcrypt.dll
0x7adf0000 - 0x7adfe000 	C:\Program Files (x86)\MATLAB\R2009a\bin\win32\ir_xfmr.dll
0x7aea0000 - 0x7aeaa000 	C:\Program Files (x86)\MATLAB\R2009a\bin\win32\mtok.dll
0x78d50000 - 0x78de5000 	C:\Program Files (x86)\MATLAB\R2009a\bin\win32\libmwmathlinalg.dll
0x78a60000 - 0x78d42000 	C:\Program Files (x86)\MATLAB\R2009a\bin\win32\libmwmathelem.dll
0x78a00000 - 0x78a52000 	C:\Program Files (x86)\MATLAB\R2009a\bin\win32\libmwmathcore.dll
0x786c0000 - 0x786f8000 	C:\Program Files (x86)\MATLAB\R2009a\bin\win32\libmwlapack.dll
0x7ae30000 - 0x7ae3d000 	C:\Program Files (x86)\MATLAB\R2009a\bin\win32\libmwblas.dll
0x6feb0000 - 0x6fee5000 	C:\Program Files (x86)\MATLAB\R2009a\bin\win32\libmwrookfastbp.dll
0x79120000 - 0x7915c000 	C:\Program Files (x86)\MATLAB\R2009a\bin\win32\libmwma57.dll
0x79a20000 - 0x79a73000 	C:\Program Files (x86)\MATLAB\R2009a\bin\win32\libmwumfpack.dll
0x7ae50000 - 0x7ae5c000 	C:\Program Files (x86)\MATLAB\R2009a\bin\win32\libmwcsparse.dll
0x7ae10000 - 0x7ae1a000 	C:\Program Files (x86)\MATLAB\R2009a\bin\win32\libmwamd.dll
0x798d0000 - 0x79917000 	C:\Program Files (x86)\MATLAB\R2009a\bin\win32\libmwcholmod.dll
0x7ae20000 - 0x7ae2c000 	C:\Program Files (x86)\MATLAB\R2009a\bin\win32\libmwbinder.dll
0x7aef0000 - 0x7afd9000 	C:\Program Files (x86)\MATLAB\R2009a\bin\win32\libifcoremd.dll
0x79550000 - 0x79813000 	C:\Program Files (x86)\MATLAB\R2009a\bin\win32\libmmd.dll
0x7ae40000 - 0x7ae49000 	C:\Program Files (x86)\MATLAB\R2009a\bin\win32\libmwcolamd.dll
0x020d0000 - 0x020de000 	C:\Program Files (x86)\MATLAB\R2009a\bin\win32\boost_date_time-vc80-mt-1_36.dll
0x020f0000 - 0x020f7000 	C:\Program Files (x86)\MATLAB\R2009a\bin\win32\boost_system-vc80-mt-1_36.dll
0x02110000 - 0x0211c000 	C:\Program Files (x86)\MATLAB\R2009a\bin\win32\boost_thread-vc80-mt-1_36.dll
0x02130000 - 0x02169000 	C:\Program Files (x86)\MATLAB\R2009a\bin\win32\tbb.dll
0x02170000 - 0x0220d000 	C:\Program Files (x86)\MATLAB\R2009a\bin\win32\boost_regex-vc80-mt-1_36.dll
0x02220000 - 0x022c7000 	C:\Program Files (x86)\MATLAB\R2009a\bin\win32\hgdatatypes.dll
0x74430000 - 0x74456000 	C:\WINDOWS\System32\IMM32.DLL
0x6d9b0000 - 0x6d9be000 	C:\WINDOWS\WinSxS\x86_microsoft.vc80.mfcloc_1fc8b3b9a1e18e3b_8.0.50727.762_none_43efccf17831d131\MFC80ENU.DLL
0x6e950000 - 0x6e9cc000 	C:\WINDOWS\system32\uxtheme.dll
0x740e0000 - 0x74224000 	C:\WINDOWS\System32\MSCTF.dll
0x6fdf0000 - 0x6fe7e000 	C:\WINDOWS\SYSTEM32\DNSAPI.dll
0x73f10000 - 0x73f17000 	C:\WINDOWS\System32\NSI.dll
0x6fdd0000 - 0x6fde3000 	C:\WINDOWS\SYSTEM32\dhcpcsvc6.DLL
0x6fdb0000 - 0x6fdc4000 	C:\WINDOWS\SYSTEM32\dhcpcsvc.DLL
0x6fda0000 - 0x6fda8000 	C:\WINDOWS\SYSTEM32\WINNSI.DLL
0x53400000 - 0x53403000 	C:\WINDOWS\SYSTEM32\icmp.Dll
0x79190000 - 0x793e0000 	C:\Program Files (x86)\MATLAB\R2009a\sys\java\jre\win32\jre\bin\client\jvm.dll
0x711b0000 - 0x711d4000 	C:\WINDOWS\SYSTEM32\WINMM.dll
0x6ffa0000 - 0x6fff6000 	C:\Program Files (x86)\MATLAB\R2009a\bin\win32\MSVCR71.dll
0x71110000 - 0x71133000 	C:\WINDOWS\SYSTEM32\WINMMBASE.dll
0x6e9d0000 - 0x6eb52000 	C:\WINDOWS\System32\dbghelp.dll
0x79920000 - 0x79928000 	C:\Program Files (x86)\MATLAB\R2009a\sys\java\jre\win32\jre\bin\hpi.dll
0x79940000 - 0x7994c000 	C:\Program Files (x86)\MATLAB\R2009a\sys\java\jre\win32\jre\bin\verify.dll
0x787c0000 - 0x787df000 	C:\Program Files (x86)\MATLAB\R2009a\sys\java\jre\win32\jre\bin\java.dll

VM Arguments:
jvm_args: -Xss512k -XX:PermSize=32m -Xms64m -XX:NewRatio=3 -XX:MaxPermSize=64m -Xmx128m -XX:MaxDirectMemorySize=1200000000 -Dsun.java2d.noddraw=true -Dsun.awt.nopixfmt=true -Xshare:off -Xrs -Djava.library.path=C:\Program Files (x86)\MATLAB\R2009a\bin\win32 vfprintf abort 
java_command: <unknown>
Launcher Type: generic

Environment Variables:
PATH=C:\WINDOWS\system32;C:\WINDOWS;C:\WINDOWS\System32\Wbem;C:\WINDOWS\System32\WindowsPowerShell\v1.0\;C:\WINDOWS\System32\OpenSSH\;C:\Program Files (x86)\MATLAB\R2009a\bin;C:\Program Files (x86)\MATLAB\R2009a\bin\win32;C:\Users\LENOVO\AppData\Local\Microsoft\WindowsApps;
USERNAME=LENOVO
OS=Windows_NT
PROCESSOR_IDENTIFIER=AMD64 Family 21 Model 112 Stepping 0, AuthenticAMD



---------------  S Y S T E M  ---------------

OS: Windows NT 6.2 Build 9200 

CPU:total 2 (2 cores per cpu, 1 threads per core) family 21 model 112 stepping 0, cmov, cx8, fxsr, mmx, sse, sse2, sse3, ssse3, mmxext, sse4a

Memory: 4k page, physical 3997672k(1778588k free), swap 4194303k(1236572k free)

vm_info: Java HotSpot(TM) Client VM (10.0-b19) for windows-x86 JRE (1.6.0_04-b12), built on Dec 14 2007 00:51:20 by "java_re" with MS VC++ 7.1

time: Mon Nov 05 04:43:09 2018
elapsed time: 18 seconds

